<?xml version="1.0" encoding="UTF-8"?>
<!-- Generated by org.testng.reporters.JUnitReportReporter -->
<testsuite skipped="0" hostname="LAPTOP-SSGLA1BM" name="com.resolver.AutomationTest.ResolverTestClass" tests="4" failures="0" timestamp="2020-11-14T14:14:18 IST" time="14.982" errors="0">
  <testcase name="FirstTest" time="0.983" classname="com.resolver.AutomationTest.ResolverTestClass"/>
  <system-out/>
  <testcase name="SecondTest" time="0.589" classname="com.resolver.AutomationTest.ResolverTestClass"/>
  <system-out/>
  <testcase name="ThirdTest" time="0.587" classname="com.resolver.AutomationTest.ResolverTestClass"/>
  <system-out/>
  <testcase name="FourthTest" time="12.823" classname="com.resolver.AutomationTest.ResolverTestClass"/>
  <system-out/>
</testsuite> <!-- com.resolver.AutomationTest.ResolverTestClass -->
